<?xml version="1.0" encoding="UTF-8"?>
<testng-results ignored="0" total="1" passed="0" failed="1" skipped="0">
  <reporter-output>
  </reporter-output>
  <suite started-at="2024-01-18T15:51:37 IST" name="Default suite" finished-at="2024-01-18T15:56:26 IST" duration-ms="289318">
    <groups>
      <group name="Sanity">
        <method signature="AD_PrivilageAccessTest1.PA030()[pri:10, instance:com.advrt.testcases.AD_PrivilageAccessTest1@1df8da7a]" name="PA030" class="com.advrt.testcases.AD_PrivilageAccessTest1"/>
      </group> <!-- Sanity -->
      <group name="Regression">
        <method signature="AD_PrivilageAccessTest1.PA030()[pri:10, instance:com.advrt.testcases.AD_PrivilageAccessTest1@1df8da7a]" name="PA030" class="com.advrt.testcases.AD_PrivilageAccessTest1"/>
      </group> <!-- Regression -->
    </groups>
    <test started-at="2024-01-18T15:51:37 IST" name="Default test" finished-at="2024-01-18T15:56:26 IST" duration-ms="289318">
      <class name="com.advrt.testcases.AD_PrivilageAccessTest1">
        <test-method is-config="true" signature="PreSetUp()[pri:0, instance:com.advrt.testcases.AD_PrivilageAccessTest1@1df8da7a]" started-at="2024-01-18T15:51:37 IST" name="PreSetUp" finished-at="2024-01-18T15:54:30 IST" duration-ms="172663" status="PASS">
          <reporter-output>
          </reporter-output>
        </test-method> <!-- PreSetUp -->
        <test-method is-config="true" signature="Setup()[pri:0, instance:com.advrt.testcases.AD_PrivilageAccessTest1@1df8da7a]" started-at="2024-01-18T15:54:30 IST" name="Setup" finished-at="2024-01-18T15:54:50 IST" duration-ms="19903" status="PASS">
          <reporter-output>
          </reporter-output>
        </test-method> <!-- Setup -->
        <test-method signature="PA030()[pri:10, instance:com.advrt.testcases.AD_PrivilageAccessTest1@1df8da7a]" started-at="2024-01-18T15:54:50 IST" name="PA030" description="PA030-Verify if User not able to access the Delete Equipment Module when the Delete Equipment Privilege is unchecked" finished-at="2024-01-18T15:56:20 IST" duration-ms="90724" status="FAIL">
          <exception class="org.openqa.selenium.NoSuchElementException">
            <message>
              <![CDATA[An element could not be located on the page using the given search parameters. (WARNING: The server did not provide any stacktrace information)
Command duration or timeout: 0 milliseconds
For documentation on this error, please visit: https://www.seleniumhq.org/exceptions/no_such_element.html
Build info: version: '3.141.59', revision: 'e82be7d358', time: '2018-11-14T08:17:03'
System info: host: 'AASHYD-847B8Y2', ip: '10.17.18.53', os.name: 'Windows 10', os.arch: 'amd64', os.version: '10.0', java.version: '17.0.8'
Driver info: io.appium.java_client.windows.WindowsDriver
Capabilities {app: Kaye.ValProbeRT_racmveb2qnw..., javascriptEnabled: true, ms:waitForAppLaunch: 10, platform: WINDOWS, platformName: WINDOWS}
Session ID: FF616804-BA55-4246-90D9-47AC415F93CA
*** Element info: {Using=name, value=Enter User Credentials}]]>
            </message>
            <full-stacktrace>
              <![CDATA[org.openqa.selenium.NoSuchElementException: An element could not be located on the page using the given search parameters. (WARNING: The server did not provide any stacktrace information)
Command duration or timeout: 0 milliseconds
For documentation on this error, please visit: https://www.seleniumhq.org/exceptions/no_such_element.html
Build info: version: '3.141.59', revision: 'e82be7d358', time: '2018-11-14T08:17:03'
System info: host: 'AASHYD-847B8Y2', ip: '10.17.18.53', os.name: 'Windows 10', os.arch: 'amd64', os.version: '10.0', java.version: '17.0.8'
Driver info: io.appium.java_client.windows.WindowsDriver
Capabilities {app: Kaye.ValProbeRT_racmveb2qnw..., javascriptEnabled: true, ms:waitForAppLaunch: 10, platform: WINDOWS, platformName: WINDOWS}
Session ID: FF616804-BA55-4246-90D9-47AC415F93CA
*** Element info: {Using=name, value=Enter User Credentials}
at java.base/jdk.internal.reflect.NativeConstructorAccessorImpl.newInstance0(Native Method)
at java.base/jdk.internal.reflect.NativeConstructorAccessorImpl.newInstance(NativeConstructorAccessorImpl.java:77)
at java.base/jdk.internal.reflect.DelegatingConstructorAccessorImpl.newInstance(DelegatingConstructorAccessorImpl.java:45)
at java.base/java.lang.reflect.Constructor.newInstanceWithCaller(Constructor.java:499)
at java.base/java.lang.reflect.Constructor.newInstance(Constructor.java:480)
at org.openqa.selenium.remote.ErrorHandler.createThrowable(ErrorHandler.java:214)
at org.openqa.selenium.remote.ErrorHandler.throwIfResponseFailed(ErrorHandler.java:166)
at org.openqa.selenium.remote.http.JsonHttpResponseCodec.reconstructValue(JsonHttpResponseCodec.java:40)
at org.openqa.selenium.remote.http.AbstractHttpResponseCodec.decode(AbstractHttpResponseCodec.java:80)
at org.openqa.selenium.remote.http.AbstractHttpResponseCodec.decode(AbstractHttpResponseCodec.java:44)
at org.openqa.selenium.remote.HttpCommandExecutor.execute(HttpCommandExecutor.java:158)
at io.appium.java_client.remote.AppiumCommandExecutor.execute(AppiumCommandExecutor.java:239)
at org.openqa.selenium.remote.RemoteWebDriver.execute(RemoteWebDriver.java:552)
at io.appium.java_client.DefaultGenericMobileDriver.execute(DefaultGenericMobileDriver.java:42)
at io.appium.java_client.AppiumDriver.execute(AppiumDriver.java:1)
at io.appium.java_client.windows.WindowsDriver.execute(WindowsDriver.java:1)
at org.openqa.selenium.remote.RemoteWebDriver.findElement(RemoteWebDriver.java:323)
at io.appium.java_client.DefaultGenericMobileDriver.findElement(DefaultGenericMobileDriver.java:62)
at io.appium.java_client.AppiumDriver.findElement(AppiumDriver.java:1)
at io.appium.java_client.windows.WindowsDriver.findElement(WindowsDriver.java:1)
at org.openqa.selenium.remote.RemoteWebDriver.findElementByName(RemoteWebDriver.java:404)
at io.appium.java_client.DefaultGenericMobileDriver.findElementByName(DefaultGenericMobileDriver.java:118)
at io.appium.java_client.AppiumDriver.findElementByName(AppiumDriver.java:1)
at io.appium.java_client.windows.WindowsDriver.findElementByName(WindowsDriver.java:1)
at com.advrt.base.BaseClass.UserLoginPopup_UserCommentTextBox(BaseClass.java:231)
at com.advrt.testcases.AD_PrivilageAccessTest1.PA030(AD_PrivilageAccessTest1.java:936)
at java.base/jdk.internal.reflect.NativeMethodAccessorImpl.invoke0(Native Method)
at java.base/jdk.internal.reflect.NativeMethodAccessorImpl.invoke(NativeMethodAccessorImpl.java:77)
at java.base/jdk.internal.reflect.DelegatingMethodAccessorImpl.invoke(DelegatingMethodAccessorImpl.java:43)
at java.base/java.lang.reflect.Method.invoke(Method.java:568)
at org.testng.internal.invokers.MethodInvocationHelper.invokeMethod(MethodInvocationHelper.java:139)
at org.testng.internal.invokers.TestInvoker.invokeMethod(TestInvoker.java:664)
at org.testng.internal.invokers.TestInvoker.invokeTestMethod(TestInvoker.java:227)
at org.testng.internal.invokers.MethodRunner.runInSequence(MethodRunner.java:50)
at org.testng.internal.invokers.TestInvoker$MethodInvocationAgent.invoke(TestInvoker.java:957)
at org.testng.internal.invokers.TestInvoker.invokeTestMethods(TestInvoker.java:200)
at org.testng.internal.invokers.TestMethodWorker.invokeTestMethods(TestMethodWorker.java:148)
at org.testng.internal.invokers.TestMethodWorker.run(TestMethodWorker.java:128)
at java.base/java.util.ArrayList.forEach(ArrayList.java:1511)
at org.testng.TestRunner.privateRun(TestRunner.java:848)
at org.testng.TestRunner.run(TestRunner.java:621)
at org.testng.SuiteRunner.runTest(SuiteRunner.java:443)
at org.testng.SuiteRunner.runSequentially(SuiteRunner.java:437)
at org.testng.SuiteRunner.privateRun(SuiteRunner.java:397)
at org.testng.SuiteRunner.run(SuiteRunner.java:336)
at org.testng.SuiteRunnerWorker.runSuite(SuiteRunnerWorker.java:52)
at org.testng.SuiteRunnerWorker.run(SuiteRunnerWorker.java:95)
at org.testng.TestNG.runSuitesSequentially(TestNG.java:1280)
at org.testng.TestNG.runSuitesLocally(TestNG.java:1200)
at org.testng.TestNG.runSuites(TestNG.java:1114)
at org.testng.TestNG.run(TestNG.java:1082)
at org.testng.remote.AbstractRemoteTestNG.run(AbstractRemoteTestNG.java:115)
at org.testng.remote.RemoteTestNG.initAndRun(RemoteTestNG.java:251)
at org.testng.remote.RemoteTestNG.main(RemoteTestNG.java:77)
]]>
            </full-stacktrace>
          </exception> <!-- org.openqa.selenium.NoSuchElementException -->
          <reporter-output>
          </reporter-output>
        </test-method> <!-- PA030 -->
        <test-method is-config="true" signature="Teardown(org.testng.ITestResult)[pri:0, instance:com.advrt.testcases.AD_PrivilageAccessTest1@1df8da7a]" started-at="2024-01-18T15:56:20 IST" name="Teardown" finished-at="2024-01-18T15:56:26 IST" duration-ms="5172" status="PASS">
          <params>
            <param index="0">
              <value>
                <![CDATA[[TestResult name=PA030 status=FAILURE method=AD_PrivilageAccessTest1.PA030()[pri:10, instance:com.advrt.testcases.AD_PrivilageAccessTest1@1df8da7a] output={null}]]]>
              </value>
            </param>
          </params>
          <reporter-output>
          </reporter-output>
        </test-method> <!-- Teardown -->
        <test-method is-config="true" signature="endReport()[pri:0, instance:com.advrt.testcases.AD_PrivilageAccessTest1@1df8da7a]" started-at="2024-01-18T15:56:26 IST" name="endReport" finished-at="2024-01-18T15:56:26 IST" duration-ms="801" status="PASS">
          <reporter-output>
          </reporter-output>
        </test-method> <!-- endReport -->
      </class> <!-- com.advrt.testcases.AD_PrivilageAccessTest1 -->
    </test> <!-- Default test -->
  </suite> <!-- Default suite -->
</testng-results>
