<?xml version="1.0" encoding="UTF-8"?>
<!-- Generated by org.testng.reporters.JUnitReportReporter -->
<testsuite hostname="AASHYD-847B8Y2" failures="1" tests="26" name="com.advrt.testcases.AD_UMtest2" time="791.436" errors="0" timestamp="2024-01-18T12:14:58 IST" skipped="0">
  <testcase classname="com.advrt.testcases.AD_UMtest2" name="UM34" time="30.257"/>
  <testcase classname="com.advrt.testcases.AD_UMtest2" name="UM34" time="30.474"/>
  <testcase classname="com.advrt.testcases.AD_UMtest2" name="UM34" time="30.425"/>
  <testcase classname="com.advrt.testcases.AD_UMtest2" name="UM34" time="30.407"/>
  <testcase classname="com.advrt.testcases.AD_UMtest2" name="UM34" time="30.397"/>
  <testcase classname="com.advrt.testcases.AD_UMtest2" name="UM34" time="30.314"/>
  <testcase classname="com.advrt.testcases.AD_UMtest2" name="UM34" time="31.683">
    <failure message="The following asserts failed:
	Fail : Alert message is not same expected [Please enter valid text for  New User Type.] but found [Please select valid user type]" type="java.lang.AssertionError">
      <![CDATA[java.lang.AssertionError: The following asserts failed:
Fail : Alert message is not same expected [Please enter valid text for  New User Type.] but found [Please select valid user type]
at org.testng.asserts.SoftAssert.assertAll(SoftAssert.java:46)
at org.testng.asserts.SoftAssert.assertAll(SoftAssert.java:30)
at com.advrt.testcases.AD_UMtest2.UM34(AD_UMtest2.java:522)
at java.base/jdk.internal.reflect.NativeMethodAccessorImpl.invoke0(Native Method)
at java.base/jdk.internal.reflect.NativeMethodAccessorImpl.invoke(NativeMethodAccessorImpl.java:77)
at java.base/jdk.internal.reflect.DelegatingMethodAccessorImpl.invoke(DelegatingMethodAccessorImpl.java:43)
at java.base/java.lang.reflect.Method.invoke(Method.java:568)
at org.testng.internal.invokers.MethodInvocationHelper.invokeMethod(MethodInvocationHelper.java:139)
at org.testng.internal.invokers.TestInvoker.invokeMethod(TestInvoker.java:664)
at org.testng.internal.invokers.TestInvoker.invokeTestMethod(TestInvoker.java:227)
at org.testng.internal.invokers.MethodRunner.runInSequence(MethodRunner.java:50)
at org.testng.internal.invokers.TestInvoker$MethodInvocationAgent.invoke(TestInvoker.java:957)
at org.testng.internal.invokers.TestInvoker.invokeTestMethods(TestInvoker.java:200)
at org.testng.internal.invokers.TestMethodWorker.invokeTestMethods(TestMethodWorker.java:148)
at org.testng.internal.invokers.TestMethodWorker.run(TestMethodWorker.java:128)
at java.base/java.util.ArrayList.forEach(ArrayList.java:1511)
at org.testng.TestRunner.privateRun(TestRunner.java:848)
at org.testng.TestRunner.run(TestRunner.java:621)
at org.testng.SuiteRunner.runTest(SuiteRunner.java:443)
at org.testng.SuiteRunner.runSequentially(SuiteRunner.java:437)
at org.testng.SuiteRunner.privateRun(SuiteRunner.java:397)
at org.testng.SuiteRunner.run(SuiteRunner.java:336)
at org.testng.SuiteRunnerWorker.runSuite(SuiteRunnerWorker.java:52)
at org.testng.SuiteRunnerWorker.run(SuiteRunnerWorker.java:95)
at org.testng.TestNG.runSuitesSequentially(TestNG.java:1280)
at org.testng.TestNG.runSuitesLocally(TestNG.java:1200)
at org.testng.TestNG.runSuites(TestNG.java:1114)
at org.testng.TestNG.run(TestNG.java:1082)
at org.testng.remote.AbstractRemoteTestNG.run(AbstractRemoteTestNG.java:115)
at org.testng.remote.RemoteTestNG.initAndRun(RemoteTestNG.java:251)
at org.testng.remote.RemoteTestNG.main(RemoteTestNG.java:77)
]]>
    </failure>
  </testcase> <!-- UM34 -->
  <testcase classname="com.advrt.testcases.AD_UMtest2" name="UM34" time="30.347"/>
  <testcase classname="com.advrt.testcases.AD_UMtest2" name="UM34" time="30.264"/>
  <testcase classname="com.advrt.testcases.AD_UMtest2" name="UM34" time="30.417"/>
  <testcase classname="com.advrt.testcases.AD_UMtest2" name="UM34" time="30.427"/>
  <testcase classname="com.advrt.testcases.AD_UMtest2" name="UM34" time="30.219"/>
  <testcase classname="com.advrt.testcases.AD_UMtest2" name="UM34" time="30.527"/>
  <testcase classname="com.advrt.testcases.AD_UMtest2" name="UM34" time="30.583"/>
  <testcase classname="com.advrt.testcases.AD_UMtest2" name="UM34" time="29.897"/>
  <testcase classname="com.advrt.testcases.AD_UMtest2" name="UM34" time="30.434"/>
  <testcase classname="com.advrt.testcases.AD_UMtest2" name="UM34" time="30.320"/>
  <testcase classname="com.advrt.testcases.AD_UMtest2" name="UM34" time="30.336"/>
  <testcase classname="com.advrt.testcases.AD_UMtest2" name="UM34" time="30.162"/>
  <testcase classname="com.advrt.testcases.AD_UMtest2" name="UM34" time="30.289"/>
  <testcase classname="com.advrt.testcases.AD_UMtest2" name="UM34" time="30.473"/>
  <testcase classname="com.advrt.testcases.AD_UMtest2" name="UM34" time="30.882"/>
  <testcase classname="com.advrt.testcases.AD_UMtest2" name="UM34" time="30.447"/>
  <testcase classname="com.advrt.testcases.AD_UMtest2" name="UM34" time="30.301"/>
  <testcase classname="com.advrt.testcases.AD_UMtest2" name="UM34" time="30.440"/>
  <testcase classname="com.advrt.testcases.AD_UMtest2" name="UM34" time="30.714"/>
</testsuite> <!-- com.advrt.testcases.AD_UMtest2 -->
