<?xml version="1.0" encoding="UTF-8"?>
<!-- Generated by org.testng.reporters.JUnitReportReporter -->
<testsuite hostname="AASHYD-847B8Y2" failures="1" tests="10" name="com.advrt.testcases.AD_Equipment_Admin_AuditTest" time="478.859" errors="0" timestamp="2024-03-20T12:43:57 IST" skipped="0">
  <testcase classname="com.advrt.testcases.AD_Equipment_Admin_AuditTest" name="AD_Equipment_Audit_002" time="46.662"/>
  <testcase classname="com.advrt.testcases.AD_Equipment_Admin_AuditTest" name="AD_Equipment_Audit_010" time="89.965">
    <failure message="The following asserts failed:
	FAIL:The Audit trail record for image Equipment modification  is not audited  expected [Verification - &quot;HelpFileWord.docx&quot; , &quot;Copy to drive&quot; operation was performed by User Id : &quot;Kaverib&quot;, User Name : &quot;Kaveri Bedar&quot; to &quot;C:\Users\Kaveri.Bedar\Downloads&quot;] but found [Verification - &quot;HelpFileWord.docx&quot; , &quot;Copy to drive&quot; operation was performed by User Id : &quot;Kaverib&quot;, User Name : &quot;Kaveri Bedar&quot; to &quot;C:\Users\Kaveri.Bedar\OneDrive&quot;]" type="java.lang.AssertionError">
      <![CDATA[java.lang.AssertionError: The following asserts failed:
FAIL:The Audit trail record for image Equipment modification  is not audited  expected [Verification - "HelpFileWord.docx" , "Copy to drive" operation was performed by User Id : "Kaverib", User Name : "Kaveri Bedar" to "C:\Users\Kaveri.Bedar\Downloads"] but found [Verification - "HelpFileWord.docx" , "Copy to drive" operation was performed by User Id : "Kaverib", User Name : "Kaveri Bedar" to "C:\Users\Kaveri.Bedar\OneDrive"]
at org.testng.asserts.SoftAssert.assertAll(SoftAssert.java:46)
at org.testng.asserts.SoftAssert.assertAll(SoftAssert.java:30)
at com.advrt.testcases.AD_Equipment_Admin_AuditTest.AD_Equipment_Audit_010(AD_Equipment_Admin_AuditTest.java:536)
at java.base/jdk.internal.reflect.NativeMethodAccessorImpl.invoke0(Native Method)
at java.base/jdk.internal.reflect.NativeMethodAccessorImpl.invoke(NativeMethodAccessorImpl.java:77)
at java.base/jdk.internal.reflect.DelegatingMethodAccessorImpl.invoke(DelegatingMethodAccessorImpl.java:43)
at java.base/java.lang.reflect.Method.invoke(Method.java:568)
at org.testng.internal.invokers.MethodInvocationHelper.invokeMethod(MethodInvocationHelper.java:139)
at org.testng.internal.invokers.TestInvoker.invokeMethod(TestInvoker.java:664)
at org.testng.internal.invokers.TestInvoker.invokeTestMethod(TestInvoker.java:227)
at org.testng.internal.invokers.MethodRunner.runInSequence(MethodRunner.java:50)
at org.testng.internal.invokers.TestInvoker$MethodInvocationAgent.invoke(TestInvoker.java:957)
at org.testng.internal.invokers.TestInvoker.invokeTestMethods(TestInvoker.java:200)
at org.testng.internal.invokers.TestMethodWorker.invokeTestMethods(TestMethodWorker.java:148)
at org.testng.internal.invokers.TestMethodWorker.run(TestMethodWorker.java:128)
at java.base/java.util.ArrayList.forEach(ArrayList.java:1511)
at org.testng.TestRunner.privateRun(TestRunner.java:848)
at org.testng.TestRunner.run(TestRunner.java:621)
at org.testng.SuiteRunner.runTest(SuiteRunner.java:443)
at org.testng.SuiteRunner.runSequentially(SuiteRunner.java:437)
at org.testng.SuiteRunner.privateRun(SuiteRunner.java:397)
at org.testng.SuiteRunner.run(SuiteRunner.java:336)
at org.testng.SuiteRunnerWorker.runSuite(SuiteRunnerWorker.java:52)
at org.testng.SuiteRunnerWorker.run(SuiteRunnerWorker.java:95)
at org.testng.TestNG.runSuitesSequentially(TestNG.java:1280)
at org.testng.TestNG.runSuitesLocally(TestNG.java:1200)
at org.testng.TestNG.runSuites(TestNG.java:1114)
at org.testng.TestNG.run(TestNG.java:1082)
at org.testng.remote.AbstractRemoteTestNG.run(AbstractRemoteTestNG.java:115)
at org.testng.remote.RemoteTestNG.initAndRun(RemoteTestNG.java:251)
at org.testng.remote.RemoteTestNG.main(RemoteTestNG.java:77)
]]>
    </failure>
  </testcase> <!-- AD_Equipment_Audit_010 -->
  <testcase classname="com.advrt.testcases.AD_Equipment_Admin_AuditTest" name="AD_Equipment_Audit_007" time="122.591"/>
  <testcase classname="com.advrt.testcases.AD_Equipment_Admin_AuditTest" name="AD_Equipment_Audit_009" time="13.310"/>
  <testcase classname="com.advrt.testcases.AD_Equipment_Admin_AuditTest" name="AD_Equipment_Audit_003" time="61.034"/>
  <testcase classname="com.advrt.testcases.AD_Equipment_Admin_AuditTest" name="AD_Equipment_Audit_004" time="89.740"/>
  <testcase classname="com.advrt.testcases.AD_Equipment_Admin_AuditTest" name="AD_Equipment_Audit_006" time="13.348"/>
  <testcase classname="com.advrt.testcases.AD_Equipment_Admin_AuditTest" name="AD_Equipment_Audit_001" time="15.508"/>
  <testcase classname="com.advrt.testcases.AD_Equipment_Admin_AuditTest" name="AD_Equipment_Audit_008" time="13.380"/>
  <testcase classname="com.advrt.testcases.AD_Equipment_Admin_AuditTest" name="AD_Equipment_Audit_005" time="13.321"/>
</testsuite> <!-- com.advrt.testcases.AD_Equipment_Admin_AuditTest -->
